<?xml version="1.0" encoding="UTF-8"?>
<!-- Generated by org.testng.reporters.JUnitReportReporter -->
<testsuite hostname="JARVIS" failures="0" tests="10" name="runner.RentalCar" time="186.721" errors="0" timestamp="2022-01-16T16:14:39 IST" skipped="0">
  <testcase classname="runner.RentalCar" name="validateTitle" time="1.463"/>
  <system-out/>
  <testcase classname="runner.RentalCar" name="Login" time="12.229"/>
  <system-out/>
  <testcase classname="runner.RentalCar" name="outstation" time="10.577"/>
  <system-out/>
  <testcase classname="runner.RentalCar" name="local" time="18.793"/>
  <system-out/>
  <testcase classname="runner.RentalCar" name="airport" time="17.867"/>
  <system-out/>
  <testcase classname="runner.RentalCar" name="Download" time="33.639"/>
  <system-out/>
  <testcase classname="runner.RentalCar" name="Corporate" time="40.707"/>
  <system-out/>
  <testcase classname="runner.RentalCar" name="roundtrip" time="10.190"/>
  <system-out/>
  <testcase classname="runner.RentalCar" name="TwitterTitle" time="33.282"/>
  <system-out/>
  <testcase classname="runner.RentalCar" name="Logout" time="7.974"/>
  <system-out/>
</testsuite> <!-- runner.RentalCar -->
